0 info it worked if it ends with ok
1 verbose cli [ 'node', '/usr/local/bin/npm', 'install', 'tacoHell' ]
2 info using npm@2.12.1
3 info using node@v0.12.7
4 verbose node symlink /usr/local/bin/node
5 verbose install initial load of /Users/paulsiskind/workspaceAmatisControls/testBin/helloWorldCron/package.json
6 verbose installManyTop reading scoped package data from /Users/paulsiskind/workspaceAmatisControls/testBin/helloWorldCron/node_modules/grunt/package.json
7 verbose installManyTop reading scoped package data from /Users/paulsiskind/workspaceAmatisControls/testBin/helloWorldCron/node_modules/grunt-aws-lambda/package.json
8 verbose installManyTop reading scoped package data from /Users/paulsiskind/workspaceAmatisControls/testBin/helloWorldCron/node_modules/grunt-pack/package.json
9 verbose installManyTop reading scoped package data from /Users/paulsiskind/workspaceAmatisControls/testBin/helloWorldCron/node_modules/moment-timezone/package.json
10 verbose installManyTop reading scoped package data from /Users/paulsiskind/workspaceAmatisControls/testBin/helloWorldCron/node_modules/nodemailer/package.json
11 verbose installManyTop reading scoped package data from /Users/paulsiskind/workspaceAmatisControls/testBin/helloWorldCron/node_modules/npm/package.json
12 verbose installManyTop reading scoped package data from /Users/paulsiskind/workspaceAmatisControls/testBin/helloWorldCron/node_modules/redis/package.json
13 verbose installManyTop reading scoped package data from /Users/paulsiskind/workspaceAmatisControls/testBin/helloWorldCron/node_modules/twilio/package.json
14 verbose installManyTop reading scoped package data from /Users/paulsiskind/workspaceAmatisControls/testBin/helloWorldCron/node_modules/xmlhttprequest/package.json
15 info package.json grunt@0.4.5 No license field.
16 info package.json grunt-aws-lambda@0.10.0 No license field.
17 info package.json grunt-pack@0.1.5 No license field.
18 verbose readDependencies loading dependencies from /Users/paulsiskind/workspaceAmatisControls/testBin/helloWorldCron/package.json
19 silly cache add args [ 'tacoHell', null ]
20 verbose cache add spec tacoHell
21 silly cache add parsed spec { raw: 'tacoHell',
21 silly cache add   scope: null,
21 silly cache add   name: 'tacoHell',
21 silly cache add   rawSpec: '',
21 silly cache add   spec: '*',
21 silly cache add   type: 'range' }
22 silly addNamed tacoHell@*
23 verbose addNamed "*" is a valid semver range for tacoHell
24 silly addNameRange { name: 'tacoHell', range: '*', hasData: false }
25 silly mapToRegistry name tacoHell
26 silly mapToRegistry using default registry
27 silly mapToRegistry registry https://registry.npmjs.org/
28 silly mapToRegistry uri https://registry.npmjs.org/tacoHell
29 verbose addNameRange registry:https://registry.npmjs.org/tacoHell not in flight; fetching
30 verbose request uri https://registry.npmjs.org/tacoHell
31 verbose request no auth needed
32 info attempt registry request try #1 at 16:06:59
33 verbose request id 495c123b56c202d4
34 http request GET https://registry.npmjs.org/tacoHell
35 http 404 https://registry.npmjs.org/tacoHell
36 verbose headers { 'content-type': 'application/json',
36 verbose headers   'cache-control': 'max-age=0',
36 verbose headers   'content-length': '2',
36 verbose headers   'accept-ranges': 'bytes',
36 verbose headers   date: 'Mon, 28 Mar 2016 22:07:00 GMT',
36 verbose headers   via: '1.1 varnish',
36 verbose headers   age: '0',
36 verbose headers   connection: 'keep-alive',
36 verbose headers   'x-served-by': 'cache-dfw1841-DFW',
36 verbose headers   'x-cache': 'MISS',
36 verbose headers   'x-cache-hits': '0',
36 verbose headers   'x-timer': 'S1459202819.856589,VS0,VE283' }
37 silly get cb [ 404,
37 silly get   { 'content-type': 'application/json',
37 silly get     'cache-control': 'max-age=0',
37 silly get     'content-length': '2',
37 silly get     'accept-ranges': 'bytes',
37 silly get     date: 'Mon, 28 Mar 2016 22:07:00 GMT',
37 silly get     via: '1.1 varnish',
37 silly get     age: '0',
37 silly get     connection: 'keep-alive',
37 silly get     'x-served-by': 'cache-dfw1841-DFW',
37 silly get     'x-cache': 'MISS',
37 silly get     'x-cache-hits': '0',
37 silly get     'x-timer': 'S1459202819.856589,VS0,VE283' } ]
38 verbose stack Error: Registry returned 404 for GET on https://registry.npmjs.org/tacoHell
38 verbose stack     at CachingRegistryClient.<anonymous> (/usr/local/lib/node_modules/npm/node_modules/npm-registry-client/lib/request.js:239:14)
38 verbose stack     at Request._callback (/usr/local/lib/node_modules/npm/node_modules/npm-registry-client/lib/request.js:170:14)
38 verbose stack     at Request.self.callback (/usr/local/lib/node_modules/npm/node_modules/request/request.js:197:22)
38 verbose stack     at Request.emit (events.js:110:17)
38 verbose stack     at Request.<anonymous> (/usr/local/lib/node_modules/npm/node_modules/request/request.js:1050:14)
38 verbose stack     at Request.emit (events.js:129:20)
38 verbose stack     at IncomingMessage.<anonymous> (/usr/local/lib/node_modules/npm/node_modules/request/request.js:996:12)
38 verbose stack     at IncomingMessage.emit (events.js:129:20)
38 verbose stack     at _stream_readable.js:908:16
38 verbose stack     at process._tickCallback (node.js:355:11)
39 verbose statusCode 404
40 verbose pkgid tacoHell
41 verbose cwd /Users/paulsiskind/workspaceAmatisControls/testBin/helloWorldCron
42 error Darwin 15.3.0
43 error argv "node" "/usr/local/bin/npm" "install" "tacoHell"
44 error node v0.12.7
45 error npm  v2.12.1
46 error code E404
47 error 404 Registry returned 404 for GET on https://registry.npmjs.org/tacoHell
47 error 404
47 error 404 'tacoHell' is not in the npm registry.
47 error 404 Your package name is not valid, because
47 error 404
47 error 404  1. name can no longer contain capital letters
47 error 404 It was specified as a dependency of 'cron-003-user-alerts-01'
47 error 404
47 error 404 Note that you can also install from a
47 error 404 tarball, folder, http url, or git url.
48 verbose exit [ 1, true ]
